<?xml version="1.0" encoding="UTF-8"?>
<testng-results ignored="0" total="2" passed="2" failed="0" skipped="0">
  <reporter-output>
  </reporter-output>
  <suite started-at="2024-10-23T17:25:53 IST" name="Suite" finished-at="2024-10-23T17:29:46 IST" duration-ms="232255">
    <groups>
    </groups>
    <test started-at="2024-10-23T17:25:53 IST" name="Test" finished-at="2024-10-23T17:29:46 IST" duration-ms="232255">
      <class name="Demo.Test.test">
        <test-method is-config="true" signature="setup()[pri:0, instance:Demo.Test.test@4f6ee6e4]" started-at="2024-10-23T17:28:35 IST" name="setup" finished-at="2024-10-23T17:29:35 IST" duration-ms="59685" status="PASS">
          <reporter-output>
          </reporter-output>
        </test-method> <!-- setup -->
        <test-method signature="demoTest()[pri:0, instance:Demo.Test.test@4f6ee6e4]" started-at="2024-10-23T17:29:35 IST" name="demoTest" finished-at="2024-10-23T17:29:46 IST" duration-ms="10703" status="PASS">
          <reporter-output>
          </reporter-output>
        </test-method> <!-- demoTest -->
      </class> <!-- Demo.Test.test -->
      <class name="Demo.Test.test1">
        <test-method is-config="true" signature="setup()[pri:0, instance:Demo.Test.test1@50eac852]" started-at="2024-10-23T17:25:54 IST" name="setup" finished-at="2024-10-23T17:28:28 IST" duration-ms="154444" status="PASS">
          <reporter-output>
          </reporter-output>
        </test-method> <!-- setup -->
        <test-method signature="demoTesttwo()[pri:1, instance:Demo.Test.test1@50eac852]" started-at="2024-10-23T17:28:28 IST" name="demoTesttwo" finished-at="2024-10-23T17:28:35 IST" duration-ms="7332" status="PASS">
          <reporter-output>
          </reporter-output>
        </test-method> <!-- demoTesttwo -->
      </class> <!-- Demo.Test.test1 -->
    </test> <!-- Test -->
  </suite> <!-- Suite -->
</testng-results>
