<?xml version="1.0" encoding="UTF-8"?>
<testng-results ignored="0" total="1" passed="1" failed="0" skipped="0">
  <reporter-output>
  </reporter-output>
  <suite started-at="2024-10-24T17:38:29 IST" name="Default suite" finished-at="2024-10-24T17:38:59 IST" duration-ms="30813">
    <groups>
    </groups>
    <test started-at="2024-10-24T17:38:29 IST" name="Default test" finished-at="2024-10-24T17:38:59 IST" duration-ms="30813">
      <class name="Demo.Test.test">
        <test-method is-config="true" signature="setup()[pri:0, instance:Demo.Test.test@1349883]" started-at="2024-10-24T17:38:29 IST" name="setup" finished-at="2024-10-24T17:38:51 IST" duration-ms="21947" status="PASS">
          <reporter-output>
          </reporter-output>
        </test-method> <!-- setup -->
        <test-method signature="demoTest()[pri:0, instance:Demo.Test.test@1349883]" started-at="2024-10-24T17:38:51 IST" name="demoTest" finished-at="2024-10-24T17:38:59 IST" duration-ms="8776" status="PASS">
          <reporter-output>
          </reporter-output>
        </test-method> <!-- demoTest -->
      </class> <!-- Demo.Test.test -->
    </test> <!-- Default test -->
  </suite> <!-- Default suite -->
</testng-results>
